<?xml version="1.0" encoding="UTF-8"?>
<!-- Generated by org.testng.reporters.JUnitReportReporter -->
<testsuite skipped="0" hostname="OSZ1-LDL-P90258" name="com.Calculator.CalculatorTest" tests="4" failures="0" timestamp="13 May 2019 06:53:29 GMT" time="0.014" errors="0">
  <testcase name="sub" time="0.001" classname="com.Calculator.CalculatorTest"/>
  <testcase name="div" time="0.001" classname="com.Calculator.CalculatorTest"/>
  <testcase name="mul" time="0.001" classname="com.Calculator.CalculatorTest"/>
  <testcase name="add" time="0.011" classname="com.Calculator.CalculatorTest"/>
</testsuite> <!-- com.Calculator.CalculatorTest -->
